06-10-15 18:03:05 [DEBUG] (Reactor) #<Reactor:0x102dc88 @service_io=:sockio, @connector=nil, @service_type=:server, @shutdown=false, @acceptor=nil, @service_filters=[:telnetfilter], @address=nil, @port=4000, @service_negotiation=[:zmp], @registry=[]>
06-10-15 18:03:05 [FATAL] (Acceptor) Caught Errno::EINVAL: Invalid argument
	./vendor/teensymud/network/acceptor.rb:39:in `setsockopt'
	./vendor/teensymud/network/acceptor.rb:39:in `init'
	./vendor/teensymud/network/reactor.rb:83:in `start'
	./manager.rb:25:in `manage'
	chucho_mud.rb:154
06-10-15 18:04:09 [DEBUG] (Reactor) #<Reactor:0x102dcec @service_io=:sockio, @connector=nil, @service_type=:server, @shutdown=false, @acceptor=nil, @service_filters=[:telnetfilter], @address=nil, @port=4000, @service_negotiation=[:zmp], @registry=[]>
06-10-15 18:04:13 [DEBUG] (TelnetFilter) telnet filter initialized - 0
06-10-15 18:04:13 [ INFO] (Connection) (8481162) New Connection on 'localhost(127.0.0.1)'
06-10-15 18:04:13 [DEBUG] (TelnetFilter) (8481162) Offered Telnet option 93 set to true
06-10-15 18:04:13 [ INFO] (Acceptor) (8481162) Connection accepted.
06-10-15 18:04:13 [DEBUG] (TelnetFilter) (8481162) Subnegotiation attempt for option 93.
06-10-15 18:04:13 [DEBUG] (TelnetFilter) (8481162) Subnegotiation attempt for option 93.
06-10-15 18:04:13 [DEBUG] (TelnetFilter) (8481162) Subnegotiation attempt for option 93.
06-10-15 18:04:13 [DEBUG] (TelnetFilter) (8481162) Subnegotiation attempt for option 93.
06-10-15 18:04:13 [DEBUG] (TelnetFilter) (8481162) Subnegotiation attempt for option 93.
06-10-15 18:04:14 [DEBUG] (TelnetFilter) (8481162) Subnegotiation attempt for option 93.
06-10-15 18:04:14 [DEBUG] (TelnetFilter) (8481162) Subnegotiation attempt for option 93.
06-10-15 18:04:14 [DEBUG] (TelnetFilter) (8481162) Subnegotiation attempt for option 93.
06-10-15 18:04:14 [DEBUG] (TelnetFilter) (8481162) Subnegotiation attempt for option 93.
06-10-15 18:04:14 [DEBUG] (TelnetFilter) (8481162) Subnegotiation attempt for option 93.
06-10-15 18:04:15 [DEBUG] (TelnetFilter) (8481162) Subnegotiation attempt for option 93.
06-10-15 18:04:15 [DEBUG] (TelnetFilter) (8481162) Subnegotiation attempt for option 93.
06-10-15 18:04:15 [DEBUG] (TelnetFilter) (8481162) Subnegotiation attempt for option 93.
06-10-15 18:04:15 [DEBUG] (TelnetFilter) (8481162) Subnegotiation attempt for option 93.
06-10-15 18:04:15 [DEBUG] (TelnetFilter) (8481162) Subnegotiation attempt for option 93.
06-10-15 18:04:16 [DEBUG] (TelnetFilter) (8481162) Subnegotiation attempt for option 93.
06-10-15 18:04:16 [DEBUG] (TelnetFilter) (8481162) Subnegotiation attempt for option 93.
06-10-15 18:04:16 [DEBUG] (TelnetFilter) (8481162) Subnegotiation attempt for option 93.
06-10-15 18:04:16 [DEBUG] (TelnetFilter) (8481162) Subnegotiation attempt for option 93.
06-10-15 18:04:16 [DEBUG] (TelnetFilter) (8481162) Subnegotiation attempt for option 93.
06-10-15 18:04:17 [DEBUG] (TelnetFilter) (8481162) Subnegotiation attempt for option 93.
06-10-15 18:04:17 [DEBUG] (TelnetFilter) (8481162) Telnet init_subneg option - Timed out after 21 tries.
06-10-15 18:04:17 [ERROR] (Connection) (8481162) Connection#update - unknown message 'nil'
06-10-15 18:04:17 [ERROR] (Connection) (8481162) Connection#update - unknown message 'nil'
06-10-15 18:04:17 [ERROR] (Connection) (8481162) Connection#update - unknown message 'nil'
06-10-15 18:04:17 [ERROR] (Connection) (8481162) Connection#update - unknown message 'nil'
06-10-15 18:04:17 [ERROR] (Connection) (8481162) Connection#update - unknown message 'nil'
06-10-15 18:04:20 [ERROR] (Connection) (8481162) Connection#update - unknown message 'nil'
06-10-15 18:04:21 [ERROR] (Connection) (8481162) Connection#update - unknown message 'nil'
06-10-15 18:04:38 [ERROR] (Connection) (8481162) Connection#update - unknown message 'nil'
06-10-15 18:04:39 [ERROR] (Connection) (8481162) Connection#update - unknown message 'nil'
06-10-15 18:04:39 [ INFO] (Connection) (8481162) Connection 'localhost(127.0.0.1)' disconnecting
06-10-15 18:04:39 [ERROR] (Connection) Caught EOFError: EOFError
	./vendor/teensymud/network/connection.rb:77:in `handle_input'
	./vendor/teensymud/network/reactor.rb:127:in `poll'
	./vendor/teensymud/network/reactor.rb:124:in `poll'
	./manager.rb:27:in `manage'
	chucho_mud.rb:154
06-10-15 18:04:39 [ INFO] (Connection) (8481162) Connection 'localhost(127.0.0.1)' closing
07-07-02 17:03:34 [DEBUG] (Reactor) #<Reactor:0x58875c @service_filters=[:telnetfilter], @connector=nil, @registry=[], @port=4000, @service_negotiation=[:zmp], @acceptor=nil, @address=nil, @service_io=:sockio, @shutdown=false, @service_type=:server>
07-07-02 17:04:22 [DEBUG] (Reactor) #<Reactor:0x58a2dc @service_filters=[:telnetfilter], @connector=nil, @registry=[], @port=4000, @service_negotiation=[:zmp], @acceptor=nil, @address=nil, @service_io=:sockio, @shutdown=false, @service_type=:server>
07-07-02 17:04:27 [DEBUG] (TelnetFilter) telnet filter initialized - 0
07-07-02 17:04:27 [ INFO] (Connection) (2884140) New Connection on 'localhost(127.0.0.1)'
07-07-02 17:04:27 [DEBUG] (TelnetFilter) (2884140) Offered Telnet option 93 set to true
07-07-02 17:04:27 [ INFO] (Acceptor) (2884140) Connection accepted.
07-07-02 17:04:27 [DEBUG] (TelnetFilter) (2884140) Subnegotiation attempt for option 93.
07-07-02 17:04:27 [DEBUG] (TelnetFilter) (2884140) Subnegotiation attempt for option 93.
07-07-02 17:04:27 [DEBUG] (TelnetFilter) (2884140) Client requests Telnet option 93 set to false
07-07-02 17:04:27 [DEBUG] (TelnetFilter) (2884140) Telnet negotiation: agreed to disable option 93
07-07-02 17:04:27 [DEBUG] (TelnetFilter) (2884140) Subnegotiation attempt for option 93.
07-07-02 17:04:27 [DEBUG] (TelnetFilter) (2884140) Subnegotiation attempt for option 93.
07-07-02 17:04:28 [DEBUG] (TelnetFilter) (2884140) Subnegotiation attempt for option 93.
07-07-02 17:04:28 [DEBUG] (TelnetFilter) (2884140) Subnegotiation attempt for option 93.
07-07-02 17:04:28 [DEBUG] (TelnetFilter) (2884140) Subnegotiation attempt for option 93.
07-07-02 17:04:28 [DEBUG] (TelnetFilter) (2884140) Subnegotiation attempt for option 93.
07-07-02 17:04:28 [DEBUG] (TelnetFilter) (2884140) Subnegotiation attempt for option 93.
07-07-02 17:04:29 [DEBUG] (TelnetFilter) (2884140) Subnegotiation attempt for option 93.
07-07-02 17:04:29 [DEBUG] (TelnetFilter) (2884140) Subnegotiation attempt for option 93.
07-07-02 17:04:29 [DEBUG] (TelnetFilter) (2884140) Subnegotiation attempt for option 93.
07-07-02 17:04:29 [DEBUG] (TelnetFilter) (2884140) Subnegotiation attempt for option 93.
07-07-02 17:04:29 [DEBUG] (TelnetFilter) (2884140) Subnegotiation attempt for option 93.
07-07-02 17:04:30 [DEBUG] (TelnetFilter) (2884140) Subnegotiation attempt for option 93.
07-07-02 17:04:30 [DEBUG] (TelnetFilter) (2884140) Subnegotiation attempt for option 93.
07-07-02 17:04:30 [DEBUG] (TelnetFilter) (2884140) Subnegotiation attempt for option 93.
07-07-02 17:04:30 [DEBUG] (TelnetFilter) (2884140) Subnegotiation attempt for option 93.
07-07-02 17:04:30 [DEBUG] (TelnetFilter) (2884140) Subnegotiation attempt for option 93.
07-07-02 17:04:31 [DEBUG] (TelnetFilter) (2884140) Subnegotiation attempt for option 93.
07-07-02 17:04:31 [DEBUG] (TelnetFilter) (2884140) Subnegotiation attempt for option 93.
07-07-02 17:04:31 [DEBUG] (TelnetFilter) (2884140) Telnet init_subneg option - Timed out after 21 tries.
07-07-02 17:04:31 [ERROR] (Connection) (2884140) Connection#update - unknown message 'nil'
07-07-02 17:04:31 [ERROR] (Connection) (2884140) Connection#update - unknown message 'nil'
07-07-02 17:04:31 [ERROR] (Connection) (2884140) Connection#update - unknown message 'nil'
07-07-02 17:04:31 [ERROR] (Connection) (2884140) Connection#update - unknown message 'nil'
07-07-02 17:04:31 [ERROR] (Connection) (2884140) Connection#update - unknown message 'nil'
07-07-02 17:05:29 [ERROR] (Connection) (2884140) Connection#update - unknown message 'nil'
07-07-02 17:05:31 [ERROR] (Connection) (2884140) Connection#update - unknown message 'nil'
07-07-02 17:06:06 [ERROR] (Connection) (2884140) Connection#update - unknown message 'nil'
07-07-02 17:06:20 [DEBUG] (TelnetFilter) (2884140) IP sent
07-07-02 17:06:20 [DEBUG] (TelnetFilter) (2884140) Client requests Telnet option 6 set to true
07-07-02 17:06:20 [DEBUG] (TelnetFilter) (2884140) Telnet negotiation: disagreed to enable option 6
07-07-02 17:06:22 [ERROR] (Connection) (2884140) Connection#update - unknown message 'nil'
07-07-02 17:06:22 [ INFO] (Connection) (2884140) Connection 'localhost(127.0.0.1)' disconnecting
07-07-02 17:06:22 [ERROR] (Connection) Caught EOFError: EOFError
	./vendor/teensymud/network/connection.rb:77:in `handle_input'
	./vendor/teensymud/network/reactor.rb:127:in `poll'
	./vendor/teensymud/network/reactor.rb:124:in `each'
	./vendor/teensymud/network/reactor.rb:124:in `poll'
	./manager.rb:27:in `manage'
	chucho_mud.rb:154
07-07-02 17:06:22 [ INFO] (Connection) (2884140) Connection 'localhost(127.0.0.1)' closing
